<?xml version="1.0" encoding="UTF-8"?>
<coverage generated="1699827217394" clover="3.2.0">
  <project timestamp="1699827217395" name="All files">
    <metrics statements="10" coveredstatements="10" conditionals="4" coveredconditionals="4" methods="2" coveredmethods="2" elements="16" coveredelements="16" complexity="0" loc="10" ncloc="10" packages="1" files="1" classes="1"/>
    <file name="function.js" path="C:\Users\franc\upn\IHC\tia-vicky\js\functions\function.js">
      <metrics statements="10" coveredstatements="10" conditionals="4" coveredconditionals="4" methods="2" coveredmethods="2"/>
      <line num="1" count="1" type="cond" truecount="1" falsecount="0"/>
      <line num="2" count="2" type="cond" truecount="1" falsecount="0"/>
      <line num="3" count="2" type="stmt"/>
      <line num="4" count="1" type="stmt"/>
      <line num="5" count="1" type="cond" truecount="1" falsecount="0"/>
      <line num="6" count="1" type="stmt"/>
      <line num="7" count="1" type="cond" truecount="1" falsecount="0"/>
      <line num="8" count="1" type="stmt"/>
      <line num="9" count="1" type="stmt"/>
      <line num="10" count="1" type="stmt"/>
    </file>
  </project>
</coverage>
