{"C:\\Users\\franc\\upn\\IHC\\tia-vicky\\js\\functions\\function.js": {"path":"C:\\Users\\franc\\upn\\IHC\\tia-vicky\\js\\functions\\function.js","all":false,"statementMap":{"0":{"start":{"line":1,"column":0},"end":{"line":1,"column":33}},"1":{"start":{"line":2,"column":0},"end":{"line":2,"column":51}},"2":{"start":{"line":3,"column":0},"end":{"line":3,"column":2}},"3":{"start":{"line":4,"column":0},"end":{"line":4,"column":0}},"4":{"start":{"line":5,"column":0},"end":{"line":5,"column":44}},"5":{"start":{"line":6,"column":0},"end":{"line":6,"column":42}},"6":{"start":{"line":7,"column":0},"end":{"line":7,"column":61}},"7":{"start":{"line":8,"column":0},"end":{"line":8,"column":61}},"8":{"start":{"line":9,"column":0},"end":{"line":9,"column":14}},"9":{"start":{"line":10,"column":0},"end":{"line":10,"column":2}}},"s":{"0":1,"1":2,"2":2,"3":1,"4":1,"5":1,"6":1,"7":1,"8":1,"9":1},"branchMap":{"0":{"type":"branch","line":1,"loc":{"start":{"line":1,"column":19},"end":{"line":3,"column":2}},"locations":[{"start":{"line":1,"column":19},"end":{"line":3,"column":2}}]},"1":{"type":"branch","line":2,"loc":{"start":{"line":2,"column":23},"end":{"line":2,"column":49}},"locations":[{"start":{"line":2,"column":23},"end":{"line":2,"column":49}}]},"2":{"type":"branch","line":5,"loc":{"start":{"line":5,"column":26},"end":{"line":10,"column":2}},"locations":[{"start":{"line":5,"column":26},"end":{"line":10,"column":2}}]},"3":{"type":"branch","line":7,"loc":{"start":{"line":7,"column":32},"end":{"line":7,"column":60}},"locations":[{"start":{"line":7,"column":32},"end":{"line":7,"column":60}}]}},"b":{"0":[2],"1":[3],"2":[1],"3":[2]},"fnMap":{"0":{"name":"sum","decl":{"start":{"line":1,"column":19},"end":{"line":3,"column":2}},"loc":{"start":{"line":1,"column":19},"end":{"line":3,"column":2}},"line":1},"1":{"name":"filterName","decl":{"start":{"line":5,"column":26},"end":{"line":10,"column":2}},"loc":{"start":{"line":5,"column":26},"end":{"line":10,"column":2}},"line":5}},"f":{"0":2,"1":1}}
}
